c:\users\andre\documents\cheatingstuff\repos\imgui-directx-9-kiero-hook-master\imgui directx 9 kiero hook 2\debug\vc142.pdb
c:\users\andre\documents\cheatingstuff\repos\imgui-directx-9-kiero-hook-master\imgui directx 9 kiero hook 2\debug\vc142.idb
c:\users\andre\documents\cheatingstuff\repos\imgui-directx-9-kiero-hook-master\imgui directx 9 kiero hook 2\debug\main.obj
c:\users\andre\documents\cheatingstuff\repos\imgui-directx-9-kiero-hook-master\imgui directx 9 kiero hook 2\debug\kiero.obj
c:\users\andre\documents\cheatingstuff\repos\imgui-directx-9-kiero-hook-master\imgui directx 9 kiero hook 2\debug\imgui_widgets.obj
c:\users\andre\documents\cheatingstuff\repos\imgui-directx-9-kiero-hook-master\imgui directx 9 kiero hook 2\debug\imgui_impl_win32.obj
c:\users\andre\documents\cheatingstuff\repos\imgui-directx-9-kiero-hook-master\imgui directx 9 kiero hook 2\debug\imgui_impl_dx9.obj
c:\users\andre\documents\cheatingstuff\repos\imgui-directx-9-kiero-hook-master\imgui directx 9 kiero hook 2\debug\imgui_draw.obj
c:\users\andre\documents\cheatingstuff\repos\imgui-directx-9-kiero-hook-master\imgui directx 9 kiero hook 2\debug\imgui_demo.obj
c:\users\andre\documents\cheatingstuff\repos\imgui-directx-9-kiero-hook-master\imgui directx 9 kiero hook 2\debug\imgui.obj
c:\users\andre\documents\cheatingstuff\repos\imgui-directx-9-kiero-hook-master\imgui directx 9 kiero hook 2\debug\trampoline.obj
c:\users\andre\documents\cheatingstuff\repos\imgui-directx-9-kiero-hook-master\imgui directx 9 kiero hook 2\debug\hook.obj
c:\users\andre\documents\cheatingstuff\repos\imgui-directx-9-kiero-hook-master\imgui directx 9 kiero hook 2\debug\hde64.obj
c:\users\andre\documents\cheatingstuff\repos\imgui-directx-9-kiero-hook-master\imgui directx 9 kiero hook 2\debug\hde32.obj
c:\users\andre\documents\cheatingstuff\repos\imgui-directx-9-kiero-hook-master\imgui directx 9 kiero hook 2\debug\buffer.obj
c:\users\andre\documents\cheatingstuff\repos\imgui-directx-9-kiero-hook-master\imgui directx 9 kiero hook 2\debug\kierohookinternal-csgo.ilk
c:\users\andre\documents\cheatingstuff\repos\imgui-directx-9-kiero-hook-master\debug\kierohookinternal-csgo.dll
c:\users\andre\documents\cheatingstuff\repos\imgui-directx-9-kiero-hook-master\debug\kierohookinternal-csgo.pdb
c:\users\andre\documents\cheatingstuff\repos\imgui-directx-9-kiero-hook-master\imgui directx 9 kiero hook 2\debug\minhook.res
c:\users\andre\documents\cheatingstuff\repos\imgui-directx-9-kiero-hook-master\imgui directx 9 kiero hook 2\debug\kierohoo.11ea4a46.tlog\cl.command.1.tlog
c:\users\andre\documents\cheatingstuff\repos\imgui-directx-9-kiero-hook-master\imgui directx 9 kiero hook 2\debug\kierohoo.11ea4a46.tlog\cl.read.1.tlog
c:\users\andre\documents\cheatingstuff\repos\imgui-directx-9-kiero-hook-master\imgui directx 9 kiero hook 2\debug\kierohoo.11ea4a46.tlog\cl.write.1.tlog
c:\users\andre\documents\cheatingstuff\repos\imgui-directx-9-kiero-hook-master\imgui directx 9 kiero hook 2\debug\kierohoo.11ea4a46.tlog\link.command.1.tlog
c:\users\andre\documents\cheatingstuff\repos\imgui-directx-9-kiero-hook-master\imgui directx 9 kiero hook 2\debug\kierohoo.11ea4a46.tlog\link.read.1.tlog
c:\users\andre\documents\cheatingstuff\repos\imgui-directx-9-kiero-hook-master\imgui directx 9 kiero hook 2\debug\kierohoo.11ea4a46.tlog\link.write.1.tlog
c:\users\andre\documents\cheatingstuff\repos\imgui-directx-9-kiero-hook-master\imgui directx 9 kiero hook 2\debug\kierohoo.11ea4a46.tlog\rc.command.1.tlog
c:\users\andre\documents\cheatingstuff\repos\imgui-directx-9-kiero-hook-master\imgui directx 9 kiero hook 2\debug\kierohoo.11ea4a46.tlog\rc.read.1.tlog
c:\users\andre\documents\cheatingstuff\repos\imgui-directx-9-kiero-hook-master\imgui directx 9 kiero hook 2\debug\kierohoo.11ea4a46.tlog\rc.write.1.tlog
